<?xml version="1.0" encoding="UTF-8"?>
<!-- Generated by org.testng.reporters.JUnitXMLReporter -->
<testsuite ignored="0" hostname="Vj-PC" failures="0" tests="6" name="Default test" time="14.114" errors="0" timestamp="11 Apr. 2019 08:47:07 GMT">
  <testcase classname="com.planit.qa.testcases.FacebookAccountSignUpTest" name="validatePageAfterLaunchingURL" time="0.031"/>
  <testcase classname="com.planit.qa.testcases.FacebookAccountSignUpTest" name="validateCreateAccountHeading" time="0.094"/>
  <testcase classname="com.planit.qa.testcases.FacebookAccountSignUpTest" name="validateSuccessfulFormEntry" time="7.909"/>
  <testcase classname="com.planit.qa.testcases.FacebookAccountSignUpTest" name="validateUserAccountCreated" time="0.055"/>
  <testcase classname="com.planit.qa.testcases.FacebookAccountSignUpTest" name="validateAfterProfileIconClick" time="5.941"/>
  <testcase classname="com.planit.qa.testcases.FacebookAccountSignUpTest" name="validateLogOut" time="0.014"/>
</testsuite> <!-- Default test -->
