<?xml version="1.0" encoding="UTF-8"?>
<testng-results ignored="0" total="6" passed="6" failed="0" skipped="0">
  <reporter-output>
  </reporter-output>
  <suite started-at="2019-04-11T08:48:26Z" name="Facebook Sign Up Test Suite" finished-at="2019-04-11T08:48:46Z" duration-ms="19830">
    <groups>
    </groups>
    <test started-at="2019-04-11T08:48:26Z" name="Facebook Account Creation Test Cases" finished-at="2019-04-11T08:48:46Z" duration-ms="19830">
      <class name="com.planit.qa.testcases.FacebookAccountSignUpTest">
        <test-method is-config="true" signature="setUp()[pri:0, instance:com.planit.qa.testcases.FacebookAccountSignUpTest@1356d4d4]" started-at="2019-04-11T08:48:18Z" name="setUp" finished-at="2019-04-11T08:48:26Z" duration-ms="8043" status="PASS">
          <reporter-output>
          </reporter-output>
        </test-method> <!-- setUp -->
        <test-method signature="validatePageAfterLaunchingURL()[pri:1, instance:com.planit.qa.testcases.FacebookAccountSignUpTest@1356d4d4]" started-at="2019-04-11T08:48:26Z" name="validatePageAfterLaunchingURL" finished-at="2019-04-11T08:48:27Z" duration-ms="349" status="PASS">
          <reporter-output>
          </reporter-output>
        </test-method> <!-- validatePageAfterLaunchingURL -->
        <test-method signature="validateCreateAccountHeading()[pri:2, instance:com.planit.qa.testcases.FacebookAccountSignUpTest@1356d4d4]" started-at="2019-04-11T08:48:27Z" name="validateCreateAccountHeading" finished-at="2019-04-11T08:48:27Z" duration-ms="66" status="PASS">
          <reporter-output>
          </reporter-output>
        </test-method> <!-- validateCreateAccountHeading -->
        <test-method signature="validateSuccessfulFormEntry()[pri:3, instance:com.planit.qa.testcases.FacebookAccountSignUpTest@1356d4d4]" started-at="2019-04-11T08:48:27Z" name="validateSuccessfulFormEntry" finished-at="2019-04-11T08:48:41Z" duration-ms="14441" status="PASS">
          <reporter-output>
          </reporter-output>
        </test-method> <!-- validateSuccessfulFormEntry -->
        <test-method signature="validateUserAccountCreated()[pri:4, instance:com.planit.qa.testcases.FacebookAccountSignUpTest@1356d4d4]" started-at="2019-04-11T08:48:41Z" name="validateUserAccountCreated" finished-at="2019-04-11T08:48:41Z" depends-on-methods="com.planit.qa.testcases.FacebookAccountSignUpTest.validateSuccessfulFormEntry" duration-ms="47" status="PASS">
          <reporter-output>
          </reporter-output>
        </test-method> <!-- validateUserAccountCreated -->
        <test-method signature="validateAfterProfileIconClick()[pri:5, instance:com.planit.qa.testcases.FacebookAccountSignUpTest@1356d4d4]" started-at="2019-04-11T08:48:41Z" name="validateAfterProfileIconClick" finished-at="2019-04-11T08:48:46Z" depends-on-methods="com.planit.qa.testcases.FacebookAccountSignUpTest.validateSuccessfulFormEntry" duration-ms="4821" status="PASS">
          <reporter-output>
          </reporter-output>
        </test-method> <!-- validateAfterProfileIconClick -->
        <test-method signature="validateLogOut()[pri:6, instance:com.planit.qa.testcases.FacebookAccountSignUpTest@1356d4d4]" started-at="2019-04-11T08:48:46Z" name="validateLogOut" finished-at="2019-04-11T08:48:46Z" depends-on-methods="com.planit.qa.testcases.FacebookAccountSignUpTest.validateAfterProfileIconClick" duration-ms="28" status="PASS">
          <reporter-output>
          </reporter-output>
        </test-method> <!-- validateLogOut -->
        <test-method is-config="true" signature="tearDown()[pri:0, instance:com.planit.qa.testcases.FacebookAccountSignUpTest@1356d4d4]" started-at="2019-04-11T08:48:46Z" name="tearDown" finished-at="2019-04-11T08:48:47Z" duration-ms="1010" status="PASS">
          <reporter-output>
          </reporter-output>
        </test-method> <!-- tearDown -->
      </class> <!-- com.planit.qa.testcases.FacebookAccountSignUpTest -->
    </test> <!-- Facebook Account Creation Test Cases -->
  </suite> <!-- Facebook Sign Up Test Suite -->
</testng-results>
